

Started GET "/welcome/about" for ::1 at 2015-05-02 17:23:00 -0500
Processing by WelcomeController#about as HTML
  Rendered welcome/about.html.erb within layouts/application (0.7ms)
Completed 200 OK in 1905ms (Views: 1888.3ms | ActiveRecord: 0.0ms)


Started GET "/assets/jquery.self-d03a5518f45df77341bdbe6201ba3bfa547ebba8ed64f0ea56bfa5f96ea7c074.js?body=1" for ::1 at 2015-05-02 17:23:02 -0500


Started GET "/assets/turbolinks.self-c37727e9bd6b2735da5c311aa83fead54ed0be6cc8bd9a65309e9c5abe2cbfff.js?body=1" for ::1 at 2015-05-02 17:23:02 -0500


Started GET "/assets/jquery_ujs.self-8e98a7a072a6cee1372d19fff9ff3e6aa1e39a37d89d6f06861637d061113ee7.js?body=1" for ::1 at 2015-05-02 17:23:02 -0500


Started GET "/assets/welcome.self-e3b0c44298fc1c149afbf4c8996fb92427ae41e4649b934ca495991b7852b855.css?body=1" for ::1 at 2015-05-02 17:23:02 -0500


Started GET "/assets/application.self-e80e8f2318043e8af94dddc2adad5a4f09739a8ebb323b3ab31cd71d45fd9113.css?body=1" for ::1 at 2015-05-02 17:23:02 -0500


Started GET "/assets/application.self-3a3c8b61bda630ee689740ce7cbd0dd8ea6fdd45e2c42eef4661ab38cf268afe.js?body=1" for ::1 at 2015-05-02 17:23:02 -0500


Started GET "/assets/welcome.self-877aef30ae1b040ab8a3aba4e3e309a11d7f2612f44dde450b5c157aa5f95c05.js?body=1" for ::1 at 2015-05-02 17:23:02 -0500


Started GET "/welcome/about" for ::1 at 2015-05-03 12:34:45 -0500
Processing by WelcomeController#about as HTML
  Rendered welcome/about.html.erb within layouts/application (1.5ms)
Completed 200 OK in 586ms (Views: 564.5ms | ActiveRecord: 0.0ms)


Started GET "/" for ::1 at 2015-05-03 12:34:50 -0500
Processing by WelcomeController#index as HTML
  Rendered welcome/index.html.erb within layouts/application (0.3ms)
Completed 200 OK in 24ms (Views: 23.1ms | ActiveRecord: 0.0ms)


Started GET "/" for ::1 at 2015-05-03 12:34:53 -0500
Processing by WelcomeController#index as HTML
  Rendered welcome/index.html.erb within layouts/application (0.0ms)
Completed 200 OK in 22ms (Views: 21.6ms | ActiveRecord: 0.0ms)


Started GET "/assets/application.self-e80e8f2318043e8af94dddc2adad5a4f09739a8ebb323b3ab31cd71d45fd9113.css?body=1" for ::1 at 2015-05-03 12:34:53 -0500


Started GET "/assets/welcome.self-e3b0c44298fc1c149afbf4c8996fb92427ae41e4649b934ca495991b7852b855.css?body=1" for ::1 at 2015-05-03 12:34:53 -0500


Started GET "/assets/jquery_ujs.self-8e98a7a072a6cee1372d19fff9ff3e6aa1e39a37d89d6f06861637d061113ee7.js?body=1" for ::1 at 2015-05-03 12:34:53 -0500


Started GET "/assets/jquery.self-d03a5518f45df77341bdbe6201ba3bfa547ebba8ed64f0ea56bfa5f96ea7c074.js?body=1" for ::1 at 2015-05-03 12:34:53 -0500


Started GET "/assets/turbolinks.self-c37727e9bd6b2735da5c311aa83fead54ed0be6cc8bd9a65309e9c5abe2cbfff.js?body=1" for ::1 at 2015-05-03 12:34:53 -0500


Started GET "/assets/welcome.self-877aef30ae1b040ab8a3aba4e3e309a11d7f2612f44dde450b5c157aa5f95c05.js?body=1" for ::1 at 2015-05-03 12:34:53 -0500


Started GET "/assets/application.self-3a3c8b61bda630ee689740ce7cbd0dd8ea6fdd45e2c42eef4661ab38cf268afe.js?body=1" for ::1 at 2015-05-03 12:34:53 -0500


Started GET "/" for ::1 at 2015-05-03 12:36:56 -0500
Processing by WelcomeController#index as HTML
  Rendered welcome/index.html.erb within layouts/application (1.4ms)
Completed 200 OK in 343ms (Views: 324.6ms | ActiveRecord: 0.0ms)


Started GET "/assets/application.self-d2ec94bb18292f01368f4f3c8798c6d4707ca07ee89c201cbf9b83b1c71da2ff.css?body=1" for ::1 at 2015-05-03 12:36:56 -0500


Started GET "/assets/jquery_ujs.self-8e98a7a072a6cee1372d19fff9ff3e6aa1e39a37d89d6f06861637d061113ee7.js?body=1" for ::1 at 2015-05-03 12:36:56 -0500


Started GET "/assets/welcome.self-e3b0c44298fc1c149afbf4c8996fb92427ae41e4649b934ca495991b7852b855.css?body=1" for ::1 at 2015-05-03 12:36:56 -0500


Started GET "/assets/welcome.self-877aef30ae1b040ab8a3aba4e3e309a11d7f2612f44dde450b5c157aa5f95c05.js?body=1" for ::1 at 2015-05-03 12:36:56 -0500


Started GET "/assets/turbolinks.self-c37727e9bd6b2735da5c311aa83fead54ed0be6cc8bd9a65309e9c5abe2cbfff.js?body=1" for ::1 at 2015-05-03 12:36:56 -0500


Started GET "/assets/jquery.self-d03a5518f45df77341bdbe6201ba3bfa547ebba8ed64f0ea56bfa5f96ea7c074.js?body=1" for ::1 at 2015-05-03 12:36:56 -0500


Started GET "/assets/application.self-3a3c8b61bda630ee689740ce7cbd0dd8ea6fdd45e2c42eef4661ab38cf268afe.js?body=1" for ::1 at 2015-05-03 12:36:56 -0500


Started GET "/assets/bootstrap-sprockets" for ::1 at 2015-05-03 12:36:56 -0500


Started GET "/assets/bootstrap" for ::1 at 2015-05-03 12:36:56 -0500


Started GET "/" for ::1 at 2015-05-03 12:36:58 -0500
Processing by WelcomeController#index as HTML
  Rendered welcome/index.html.erb within layouts/application (0.1ms)
Completed 200 OK in 25ms (Views: 24.4ms | ActiveRecord: 0.0ms)


Started GET "/assets/welcome.self-e3b0c44298fc1c149afbf4c8996fb92427ae41e4649b934ca495991b7852b855.css?body=1" for ::1 at 2015-05-03 12:36:58 -0500


Started GET "/assets/jquery_ujs.self-8e98a7a072a6cee1372d19fff9ff3e6aa1e39a37d89d6f06861637d061113ee7.js?body=1" for ::1 at 2015-05-03 12:36:58 -0500


Started GET "/assets/application.self-d2ec94bb18292f01368f4f3c8798c6d4707ca07ee89c201cbf9b83b1c71da2ff.css?body=1" for ::1 at 2015-05-03 12:36:58 -0500


Started GET "/assets/welcome.self-877aef30ae1b040ab8a3aba4e3e309a11d7f2612f44dde450b5c157aa5f95c05.js?body=1" for ::1 at 2015-05-03 12:36:58 -0500


Started GET "/assets/jquery.self-d03a5518f45df77341bdbe6201ba3bfa547ebba8ed64f0ea56bfa5f96ea7c074.js?body=1" for ::1 at 2015-05-03 12:36:58 -0500


Started GET "/assets/turbolinks.self-c37727e9bd6b2735da5c311aa83fead54ed0be6cc8bd9a65309e9c5abe2cbfff.js?body=1" for ::1 at 2015-05-03 12:36:58 -0500


Started GET "/assets/application.self-3a3c8b61bda630ee689740ce7cbd0dd8ea6fdd45e2c42eef4661ab38cf268afe.js?body=1" for ::1 at 2015-05-03 12:36:58 -0500


Started GET "/assets/bootstrap" for ::1 at 2015-05-03 12:36:58 -0500


Started GET "/assets/bootstrap-sprockets" for ::1 at 2015-05-03 12:36:58 -0500


Started GET "/welcome/index" for ::1 at 2015-05-03 12:37:00 -0500
Processing by WelcomeController#index as HTML
  Rendered welcome/index.html.erb within layouts/application (0.3ms)
Completed 200 OK in 29ms (Views: 28.4ms | ActiveRecord: 0.0ms)


Started GET "/welcome/about" for ::1 at 2015-05-03 12:37:00 -0500
Processing by WelcomeController#about as HTML
  Rendered welcome/about.html.erb within layouts/application (0.3ms)
Completed 200 OK in 22ms (Views: 21.5ms | ActiveRecord: 0.0ms)


Started GET "/welcome/index" for ::1 at 2015-05-03 12:37:02 -0500
Processing by WelcomeController#index as HTML
  Rendered welcome/index.html.erb within layouts/application (0.0ms)
Completed 200 OK in 23ms (Views: 22.1ms | ActiveRecord: 0.0ms)


Started GET "/welcome/index" for ::1 at 2015-05-03 12:37:52 -0500
Processing by WelcomeController#index as HTML
  Rendered welcome/index.html.erb within layouts/application (0.8ms)
Completed 200 OK in 4614ms (Views: 4597.2ms | ActiveRecord: 0.0ms)


Started GET "/assets/welcome.self-e3b0c44298fc1c149afbf4c8996fb92427ae41e4649b934ca495991b7852b855.css?body=1" for ::1 at 2015-05-03 12:37:57 -0500


Started GET "/assets/jquery.self-d03a5518f45df77341bdbe6201ba3bfa547ebba8ed64f0ea56bfa5f96ea7c074.js?body=1" for ::1 at 2015-05-03 12:37:57 -0500


Started GET "/assets/welcome.self-877aef30ae1b040ab8a3aba4e3e309a11d7f2612f44dde450b5c157aa5f95c05.js?body=1" for ::1 at 2015-05-03 12:37:57 -0500


Started GET "/assets/jquery_ujs.self-8e98a7a072a6cee1372d19fff9ff3e6aa1e39a37d89d6f06861637d061113ee7.js?body=1" for ::1 at 2015-05-03 12:37:57 -0500


Started GET "/assets/application.self-3a3c8b61bda630ee689740ce7cbd0dd8ea6fdd45e2c42eef4661ab38cf268afe.js?body=1" for ::1 at 2015-05-03 12:37:57 -0500


Started GET "/assets/turbolinks.self-c37727e9bd6b2735da5c311aa83fead54ed0be6cc8bd9a65309e9c5abe2cbfff.js?body=1" for ::1 at 2015-05-03 12:37:57 -0500


Started GET "/assets/application.self-ddb79650b67d48d255781bc5a01bde0b701ea027282b6525e057adb73ca0d71c.css?body=1" for ::1 at 2015-05-03 12:37:57 -0500


Started GET "/welcome/index" for ::1 at 2015-05-03 12:37:59 -0500
Processing by WelcomeController#index as HTML
  Rendered welcome/index.html.erb within layouts/application (0.3ms)
Completed 200 OK in 37ms (Views: 36.6ms | ActiveRecord: 0.0ms)


Started GET "/welcome/about" for ::1 at 2015-05-03 12:38:00 -0500
Processing by WelcomeController#about as HTML
  Rendered welcome/about.html.erb within layouts/application (0.3ms)
Completed 200 OK in 99ms (Views: 98.5ms | ActiveRecord: 0.0ms)


Started GET "/welcome/index" for ::1 at 2015-05-03 12:38:01 -0500
Processing by WelcomeController#index as HTML
  Rendered welcome/index.html.erb within layouts/application (0.1ms)
Completed 200 OK in 34ms (Views: 33.7ms | ActiveRecord: 0.0ms)


Started GET "/welcome/index" for ::1 at 2015-05-03 12:38:49 -0500
Processing by WelcomeController#index as HTML
  Rendered welcome/index.html.erb within layouts/application (0.7ms)
Completed 200 OK in 423ms (Views: 406.2ms | ActiveRecord: 0.0ms)


Started GET "/assets/welcome.self-e3b0c44298fc1c149afbf4c8996fb92427ae41e4649b934ca495991b7852b855.css?body=1" for ::1 at 2015-05-03 12:38:50 -0500


Started GET "/assets/jquery.self-d03a5518f45df77341bdbe6201ba3bfa547ebba8ed64f0ea56bfa5f96ea7c074.js?body=1" for ::1 at 2015-05-03 12:38:50 -0500


Started GET "/assets/jquery_ujs.self-8e98a7a072a6cee1372d19fff9ff3e6aa1e39a37d89d6f06861637d061113ee7.js?body=1" for ::1 at 2015-05-03 12:38:50 -0500


Started GET "/assets/application.self-ddb79650b67d48d255781bc5a01bde0b701ea027282b6525e057adb73ca0d71c.css?body=1" for ::1 at 2015-05-03 12:38:50 -0500


Started GET "/assets/bootstrap.self-2bbd2c0465f01b1f8270958ddfc2e62a08915f295a35d22df2971eb936cf3c64.js?body=1" for ::1 at 2015-05-03 12:38:50 -0500


Started GET "/assets/turbolinks.self-c37727e9bd6b2735da5c311aa83fead54ed0be6cc8bd9a65309e9c5abe2cbfff.js?body=1" for ::1 at 2015-05-03 12:38:50 -0500


Started GET "/assets/welcome.self-877aef30ae1b040ab8a3aba4e3e309a11d7f2612f44dde450b5c157aa5f95c05.js?body=1" for ::1 at 2015-05-03 12:38:50 -0500


Started GET "/assets/application.self-f98a0dd27ad1c55b2b9cfe97296d4887e5d4a4535b3bbbf9130c1050771738b2.js?body=1" for ::1 at 2015-05-03 12:38:50 -0500


Started GET "/welcome/index" for ::1 at 2015-05-03 12:38:52 -0500
Processing by WelcomeController#index as HTML
  Rendered welcome/index.html.erb within layouts/application (0.3ms)
Completed 200 OK in 40ms (Views: 38.8ms | ActiveRecord: 0.0ms)


Started GET "/welcome/about" for ::1 at 2015-05-03 12:38:53 -0500
Processing by WelcomeController#about as HTML
  Rendered welcome/about.html.erb within layouts/application (0.3ms)
Completed 200 OK in 94ms (Views: 93.7ms | ActiveRecord: 0.0ms)


Started GET "/welcome/index" for ::1 at 2015-05-03 12:38:54 -0500
Processing by WelcomeController#index as HTML
  Rendered welcome/index.html.erb within layouts/application (0.1ms)
Completed 200 OK in 38ms (Views: 37.9ms | ActiveRecord: 0.0ms)


Started GET "/welcome/index" for ::1 at 2015-05-03 12:59:51 -0500
Processing by WelcomeController#index as HTML
  Rendered welcome/index.html.erb within layouts/application (0.9ms)
Completed 200 OK in 2400ms (Views: 2383.5ms | ActiveRecord: 0.0ms)


Started GET "/assets/application.self-88fad76baa247ed59ce1a43be3224e5df7d922647efc5f15f26d796c08587a40.css?body=1" for ::1 at 2015-05-03 12:59:54 -0500


Started GET "/assets/bootstrap.self-2bbd2c0465f01b1f8270958ddfc2e62a08915f295a35d22df2971eb936cf3c64.js?body=1" for ::1 at 2015-05-03 12:59:54 -0500


Started GET "/assets/jquery.self-d03a5518f45df77341bdbe6201ba3bfa547ebba8ed64f0ea56bfa5f96ea7c074.js?body=1" for ::1 at 2015-05-03 12:59:54 -0500


Started GET "/assets/welcome.self-e3b0c44298fc1c149afbf4c8996fb92427ae41e4649b934ca495991b7852b855.css?body=1" for ::1 at 2015-05-03 12:59:54 -0500


Started GET "/assets/turbolinks.self-c37727e9bd6b2735da5c311aa83fead54ed0be6cc8bd9a65309e9c5abe2cbfff.js?body=1" for ::1 at 2015-05-03 12:59:54 -0500


Started GET "/assets/jquery_ujs.self-8e98a7a072a6cee1372d19fff9ff3e6aa1e39a37d89d6f06861637d061113ee7.js?body=1" for ::1 at 2015-05-03 12:59:54 -0500


Started GET "/assets/welcome.self-877aef30ae1b040ab8a3aba4e3e309a11d7f2612f44dde450b5c157aa5f95c05.js?body=1" for ::1 at 2015-05-03 12:59:54 -0500


Started GET "/assets/application.self-f98a0dd27ad1c55b2b9cfe97296d4887e5d4a4535b3bbbf9130c1050771738b2.js?body=1" for ::1 at 2015-05-03 12:59:54 -0500


Started GET "/welcome/index" for ::1 at 2015-05-03 12:59:56 -0500
Processing by WelcomeController#index as HTML
  Rendered welcome/index.html.erb within layouts/application (0.2ms)
Completed 200 OK in 35ms (Views: 34.6ms | ActiveRecord: 0.0ms)


Started GET "/welcome/about" for ::1 at 2015-05-03 12:59:56 -0500
Processing by WelcomeController#about as HTML
  Rendered welcome/about.html.erb within layouts/application (0.3ms)
Completed 200 OK in 33ms (Views: 32.2ms | ActiveRecord: 0.0ms)


Started GET "/welcome/index" for ::1 at 2015-05-03 12:59:57 -0500
Processing by WelcomeController#index as HTML
  Rendered welcome/index.html.erb within layouts/application (0.0ms)
Completed 200 OK in 32ms (Views: 31.2ms | ActiveRecord: 0.0ms)


Started GET "/welcome/index" for ::1 at 2015-05-03 13:01:25 -0500
Processing by WelcomeController#index as HTML
  Rendered welcome/index.html.erb within layouts/application (1.0ms)
Completed 200 OK in 2501ms (Views: 2485.0ms | ActiveRecord: 0.0ms)


Started GET "/assets/welcome.self-598f8c53996163b7919bf617e65d50d5e130fe391c81863e3db2617fbbde07b6.css?body=1" for ::1 at 2015-05-03 13:01:28 -0500


Started GET "/assets/jquery.self-d03a5518f45df77341bdbe6201ba3bfa547ebba8ed64f0ea56bfa5f96ea7c074.js?body=1" for ::1 at 2015-05-03 13:01:28 -0500


Started GET "/assets/bootstrap.self-2bbd2c0465f01b1f8270958ddfc2e62a08915f295a35d22df2971eb936cf3c64.js?body=1" for ::1 at 2015-05-03 13:01:28 -0500


Started GET "/assets/jquery_ujs.self-8e98a7a072a6cee1372d19fff9ff3e6aa1e39a37d89d6f06861637d061113ee7.js?body=1" for ::1 at 2015-05-03 13:01:28 -0500


Started GET "/assets/application.self-ddb79650b67d48d255781bc5a01bde0b701ea027282b6525e057adb73ca0d71c.css?body=1" for ::1 at 2015-05-03 13:01:28 -0500


Started GET "/assets/turbolinks.self-c37727e9bd6b2735da5c311aa83fead54ed0be6cc8bd9a65309e9c5abe2cbfff.js?body=1" for ::1 at 2015-05-03 13:01:28 -0500


Started GET "/assets/welcome.self-877aef30ae1b040ab8a3aba4e3e309a11d7f2612f44dde450b5c157aa5f95c05.js?body=1" for ::1 at 2015-05-03 13:01:28 -0500


Started GET "/assets/application.self-f98a0dd27ad1c55b2b9cfe97296d4887e5d4a4535b3bbbf9130c1050771738b2.js?body=1" for ::1 at 2015-05-03 13:01:28 -0500


Started GET "/welcome/index" for ::1 at 2015-05-03 13:01:31 -0500
Processing by WelcomeController#index as HTML
  Rendered welcome/index.html.erb within layouts/application (0.3ms)
Completed 200 OK in 35ms (Views: 33.9ms | ActiveRecord: 0.0ms)


Started GET "/welcome/about" for ::1 at 2015-05-03 13:01:31 -0500
Processing by WelcomeController#about as HTML
  Rendered welcome/about.html.erb within layouts/application (0.3ms)
Completed 200 OK in 33ms (Views: 32.6ms | ActiveRecord: 0.0ms)


Started GET "/welcome/index" for ::1 at 2015-05-03 13:01:32 -0500
Processing by WelcomeController#index as HTML
  Rendered welcome/index.html.erb within layouts/application (0.1ms)
Completed 200 OK in 35ms (Views: 34.6ms | ActiveRecord: 0.0ms)


Started GET "/" for ::1 at 2015-05-04 10:00:12 -0500
Processing by WelcomeController#index as HTML
  Rendered welcome/index.html.erb within layouts/application (1.2ms)
Completed 200 OK in 2575ms (Views: 2557.1ms | ActiveRecord: 0.0ms)


Started GET "/assets/welcome.self-50ff86034043036baf488c765657a4f7c3412588f95dee05d4bfdd01e1a234c9.css?body=1" for ::1 at 2015-05-04 10:00:15 -0500


Started GET "/welcome/index" for ::1 at 2015-05-04 10:00:18 -0500
Processing by WelcomeController#index as HTML
  Rendered welcome/index.html.erb within layouts/application (0.3ms)
Completed 200 OK in 33ms (Views: 32.5ms | ActiveRecord: 0.0ms)


Started GET "/welcome/about" for ::1 at 2015-05-04 10:00:19 -0500
Processing by WelcomeController#about as HTML
  Rendered welcome/about.html.erb within layouts/application (0.3ms)
Completed 200 OK in 33ms (Views: 32.8ms | ActiveRecord: 0.0ms)


Started GET "/welcome/index" for ::1 at 2015-05-04 10:00:20 -0500
Processing by WelcomeController#index as HTML
  Rendered welcome/index.html.erb within layouts/application (0.0ms)
Completed 200 OK in 83ms (Views: 82.2ms | ActiveRecord: 0.0ms)


Started GET "/welcome/about" for ::1 at 2015-05-04 10:00:24 -0500
Processing by WelcomeController#about as HTML
  Rendered welcome/about.html.erb within layouts/application (0.0ms)
Completed 200 OK in 45ms (Views: 44.3ms | ActiveRecord: 0.0ms)


Started GET "/welcome/index" for ::1 at 2015-05-04 10:00:25 -0500
Processing by WelcomeController#index as HTML
  Rendered welcome/index.html.erb within layouts/application (0.0ms)
Completed 200 OK in 31ms (Views: 30.9ms | ActiveRecord: 0.0ms)


Started GET "/welcome/about" for ::1 at 2015-05-04 10:00:27 -0500
Processing by WelcomeController#about as HTML
  Rendered welcome/about.html.erb within layouts/application (0.0ms)
Completed 200 OK in 38ms (Views: 37.8ms | ActiveRecord: 0.0ms)


Started GET "/welcome/index" for ::1 at 2015-05-04 10:00:27 -0500
Processing by WelcomeController#index as HTML
  Rendered welcome/index.html.erb within layouts/application (0.0ms)
Completed 200 OK in 95ms (Views: 94.6ms | ActiveRecord: 0.0ms)


Started GET "/welcome/index" for ::1 at 2015-05-04 10:01:47 -0500
Processing by WelcomeController#index as HTML
  Rendered welcome/index.html.erb within layouts/application (0.8ms)
Completed 200 OK in 321ms (Views: 300.7ms | ActiveRecord: 0.0ms)


Started GET "/assets/welcome.self-50ff86034043036baf488c765657a4f7c3412588f95dee05d4bfdd01e1a234c9.css?body=1" for ::1 at 2015-05-04 10:01:48 -0500


Started GET "/assets/jquery.self-d03a5518f45df77341bdbe6201ba3bfa547ebba8ed64f0ea56bfa5f96ea7c074.js?body=1" for ::1 at 2015-05-04 10:01:48 -0500


Started GET "/assets/jquery_ujs.self-8e98a7a072a6cee1372d19fff9ff3e6aa1e39a37d89d6f06861637d061113ee7.js?body=1" for ::1 at 2015-05-04 10:01:48 -0500


Started GET "/assets/application.self-ddb79650b67d48d255781bc5a01bde0b701ea027282b6525e057adb73ca0d71c.css?body=1" for ::1 at 2015-05-04 10:01:48 -0500


Started GET "/assets/turbolinks.self-c37727e9bd6b2735da5c311aa83fead54ed0be6cc8bd9a65309e9c5abe2cbfff.js?body=1" for ::1 at 2015-05-04 10:01:48 -0500


Started GET "/assets/bootstrap.self-2bbd2c0465f01b1f8270958ddfc2e62a08915f295a35d22df2971eb936cf3c64.js?body=1" for ::1 at 2015-05-04 10:01:48 -0500


Started GET "/assets/welcome.self-877aef30ae1b040ab8a3aba4e3e309a11d7f2612f44dde450b5c157aa5f95c05.js?body=1" for ::1 at 2015-05-04 10:01:48 -0500


Started GET "/assets/application.self-f98a0dd27ad1c55b2b9cfe97296d4887e5d4a4535b3bbbf9130c1050771738b2.js?body=1" for ::1 at 2015-05-04 10:01:48 -0500


Started GET "/welcome/index" for ::1 at 2015-05-04 10:01:50 -0500
Processing by WelcomeController#index as HTML
  Rendered welcome/index.html.erb within layouts/application (0.3ms)
Completed 200 OK in 82ms (Views: 81.4ms | ActiveRecord: 0.0ms)


Started GET "/welcome/about" for ::1 at 2015-05-04 10:01:51 -0500
Processing by WelcomeController#about as HTML
  Rendered welcome/about.html.erb within layouts/application (0.3ms)
Completed 200 OK in 37ms (Views: 36.3ms | ActiveRecord: 0.0ms)


Started GET "/welcome/index" for ::1 at 2015-05-04 10:01:52 -0500
Processing by WelcomeController#index as HTML
  Rendered welcome/index.html.erb within layouts/application (0.0ms)
Completed 200 OK in 40ms (Views: 39.6ms | ActiveRecord: 0.0ms)


Started GET "/welcome/index" for ::1 at 2015-05-04 10:04:10 -0500
Processing by WelcomeController#index as HTML
  Rendered welcome/index.html.erb within layouts/application (0.0ms)
Completed 200 OK in 90ms (Views: 89.4ms | ActiveRecord: 0.0ms)


Started GET "/welcome/about" for ::1 at 2015-05-04 10:04:11 -0500
Processing by WelcomeController#about as HTML
  Rendered welcome/about.html.erb within layouts/application (0.0ms)
Completed 200 OK in 35ms (Views: 34.8ms | ActiveRecord: 0.0ms)


Started GET "/welcome/index" for ::1 at 2015-05-04 10:04:13 -0500
Processing by WelcomeController#index as HTML
  Rendered welcome/index.html.erb within layouts/application (0.1ms)
Completed 200 OK in 35ms (Views: 34.8ms | ActiveRecord: 0.0ms)


Started GET "/welcome/about" for ::1 at 2015-05-04 10:04:14 -0500
Processing by WelcomeController#about as HTML
  Rendered welcome/about.html.erb within layouts/application (0.0ms)
Completed 200 OK in 85ms (Views: 84.4ms | ActiveRecord: 0.0ms)
  [1m[36m (1.0ms)[0m  [1mCREATE TABLE "schema_migrations" ("version" varchar NOT NULL) [0m
  [1m[35m (0.1ms)[0m  select sqlite_version(*)
  [1m[36m (0.8ms)[0m  [1mCREATE UNIQUE INDEX "unique_schema_migrations" ON "schema_migrations" ("version")[0m
  [1m[35mActiveRecord::SchemaMigration Load (0.1ms)[0m  SELECT "schema_migrations".* FROM "schema_migrations"
Migrating to CreatePortfolios (20150505142853)
  [1m[36m (0.1ms)[0m  [1mbegin transaction[0m
  [1m[35m (0.3ms)[0m  CREATE TABLE "portfolios" ("id" INTEGER PRIMARY KEY AUTOINCREMENT NOT NULL, "name" varchar, "user_id" integer, "created_at" datetime NOT NULL, "updated_at" datetime NOT NULL) 
  [1m[36m (0.1ms)[0m  [1mCREATE  INDEX "index_portfolios_on_user_id" ON "portfolios" ("user_id")[0m
  [1m[35mSQL (0.2ms)[0m  INSERT INTO "schema_migrations" ("version") VALUES (?)  [["version", "20150505142853"]]
  [1m[36m (0.8ms)[0m  [1mcommit transaction[0m
Migrating to CreateStocks (20150505143047)
  [1m[35m (0.0ms)[0m  begin transaction
  [1m[36m (0.2ms)[0m  [1mCREATE TABLE "stocks" ("id" INTEGER PRIMARY KEY AUTOINCREMENT NOT NULL, "stock_symbol" varchar, "portfolio_id" integer, "created_at" datetime NOT NULL, "updated_at" datetime NOT NULL) [0m
  [1m[35m (0.1ms)[0m  CREATE  INDEX "index_stocks_on_portfolio_id" ON "stocks" ("portfolio_id")
  [1m[36mSQL (0.1ms)[0m  [1mINSERT INTO "schema_migrations" ("version") VALUES (?)[0m  [["version", "20150505143047"]]
  [1m[35m (0.7ms)[0m  commit transaction
  [1m[36mActiveRecord::SchemaMigration Load (0.1ms)[0m  [1mSELECT "schema_migrations".* FROM "schema_migrations"[0m
  [1m[35m (0.1ms)[0m              SELECT sql
            FROM sqlite_master
            WHERE name='index_portfolios_on_user_id' AND type='index'
            UNION ALL
            SELECT sql
            FROM sqlite_temp_master
            WHERE name='index_portfolios_on_user_id' AND type='index'

  [1m[36m (0.1ms)[0m  [1m            SELECT sql
            FROM sqlite_master
            WHERE name='index_stocks_on_portfolio_id' AND type='index'
            UNION ALL
            SELECT sql
            FROM sqlite_temp_master
            WHERE name='index_stocks_on_portfolio_id' AND type='index'
[0m
  [1m[36mActiveRecord::SchemaMigration Load (0.1ms)[0m  [1mSELECT "schema_migrations".* FROM "schema_migrations"[0m
Migrating to AddStockToPortfolios (20150505145331)
  [1m[35m (0.1ms)[0m  begin transaction
  [1m[36m (0.4ms)[0m  [1mALTER TABLE "portfolios" ADD "stock_id" integer[0m
  [1m[35m (0.0ms)[0m  select sqlite_version(*)
  [1m[36m (0.1ms)[0m  [1m            SELECT sql
            FROM sqlite_master
            WHERE name='index_portfolios_on_user_id' AND type='index'
            UNION ALL
            SELECT sql
            FROM sqlite_temp_master
            WHERE name='index_portfolios_on_user_id' AND type='index'
[0m
  [1m[35m (0.1ms)[0m  CREATE  INDEX "index_portfolios_on_stock_id" ON "portfolios" ("stock_id")
  [1m[36mSQL (0.1ms)[0m  [1mINSERT INTO "schema_migrations" ("version") VALUES (?)[0m  [["version", "20150505145331"]]
  [1m[35m (0.9ms)[0m  commit transaction
  [1m[36mActiveRecord::SchemaMigration Load (0.1ms)[0m  [1mSELECT "schema_migrations".* FROM "schema_migrations"[0m
  [1m[35m (0.1ms)[0m              SELECT sql
            FROM sqlite_master
            WHERE name='index_portfolios_on_stock_id' AND type='index'
            UNION ALL
            SELECT sql
            FROM sqlite_temp_master
            WHERE name='index_portfolios_on_stock_id' AND type='index'

  [1m[36m (0.1ms)[0m  [1m            SELECT sql
            FROM sqlite_master
            WHERE name='index_portfolios_on_user_id' AND type='index'
            UNION ALL
            SELECT sql
            FROM sqlite_temp_master
            WHERE name='index_portfolios_on_user_id' AND type='index'
[0m
  [1m[35m (0.1ms)[0m              SELECT sql
            FROM sqlite_master
            WHERE name='index_stocks_on_portfolio_id' AND type='index'
            UNION ALL
            SELECT sql
            FROM sqlite_temp_master
            WHERE name='index_stocks_on_portfolio_id' AND type='index'

  [1m[36mActiveRecord::SchemaMigration Load (0.4ms)[0m  [1mSELECT "schema_migrations".* FROM "schema_migrations"[0m
  [1m[36mActiveRecord::SchemaMigration Load (0.1ms)[0m  [1mSELECT "schema_migrations".* FROM "schema_migrations"[0m
  [1m[36mActiveRecord::SchemaMigration Load (0.1ms)[0m  [1mSELECT "schema_migrations".* FROM "schema_migrations"[0m
  [1m[35m (0.0ms)[0m  begin transaction
  [1m[36mSQL (1.8ms)[0m  [1mINSERT INTO "portfolios" ("name", "created_at", "updated_at") VALUES (?, ?, ?)[0m  [["name", "tan"], ["created_at", "2015-05-05 15:41:51.827691"], ["updated_at", "2015-05-05 15:41:51.827691"]]
  [1m[35m (1.0ms)[0m  commit transaction
  [1m[36m (0.0ms)[0m  [1mbegin transaction[0m
  [1m[35mSQL (0.2ms)[0m  INSERT INTO "portfolios" ("name", "created_at", "updated_at") VALUES (?, ?, ?)  [["name", "cyan"], ["created_at", "2015-05-05 15:41:51.834306"], ["updated_at", "2015-05-05 15:41:51.834306"]]
  [1m[36m (0.7ms)[0m  [1mcommit transaction[0m
  [1m[35m (0.0ms)[0m  begin transaction
  [1m[36mSQL (0.1ms)[0m  [1mINSERT INTO "portfolios" ("name", "created_at", "updated_at") VALUES (?, ?, ?)[0m  [["name", "cyan"], ["created_at", "2015-05-05 15:41:51.836463"], ["updated_at", "2015-05-05 15:41:51.836463"]]
  [1m[35m (0.8ms)[0m  commit transaction
  [1m[36m (0.0ms)[0m  [1mbegin transaction[0m
  [1m[35mSQL (0.1ms)[0m  INSERT INTO "portfolios" ("name", "created_at", "updated_at") VALUES (?, ?, ?)  [["name", "magenta"], ["created_at", "2015-05-05 15:41:51.838295"], ["updated_at", "2015-05-05 15:41:51.838295"]]
  [1m[36m (0.8ms)[0m  [1mcommit transaction[0m
  [1m[35m (0.0ms)[0m  begin transaction
  [1m[36mSQL (0.1ms)[0m  [1mINSERT INTO "portfolios" ("name", "created_at", "updated_at") VALUES (?, ?, ?)[0m  [["name", "gold"], ["created_at", "2015-05-05 15:41:51.840111"], ["updated_at", "2015-05-05 15:41:51.840111"]]
  [1m[35m (0.7ms)[0m  commit transaction
  [1m[36mActiveRecord::SchemaMigration Load (0.1ms)[0m  [1mSELECT "schema_migrations".* FROM "schema_migrations"[0m
  [1m[35m (0.1ms)[0m  begin transaction
  [1m[36mSQL (0.4ms)[0m  [1mINSERT INTO "portfolios" ("name", "created_at", "updated_at") VALUES (?, ?, ?)[0m  [["name", "black"], ["created_at", "2015-05-05 15:42:18.590244"], ["updated_at", "2015-05-05 15:42:18.590244"]]
  [1m[35m (1.7ms)[0m  commit transaction
  [1m[36m (0.1ms)[0m  [1mbegin transaction[0m
  [1m[35mSQL (0.3ms)[0m  INSERT INTO "portfolios" ("name", "created_at", "updated_at") VALUES (?, ?, ?)  [["name", "silver"], ["created_at", "2015-05-05 15:42:18.595664"], ["updated_at", "2015-05-05 15:42:18.595664"]]
  [1m[36m (0.9ms)[0m  [1mcommit transaction[0m
  [1m[35m (0.0ms)[0m  begin transaction
  [1m[36mSQL (0.2ms)[0m  [1mINSERT INTO "portfolios" ("name", "created_at", "updated_at") VALUES (?, ?, ?)[0m  [["name", "teal"], ["created_at", "2015-05-05 15:42:18.598819"], ["updated_at", "2015-05-05 15:42:18.598819"]]
  [1m[35m (0.8ms)[0m  commit transaction
  [1m[36m (0.0ms)[0m  [1mbegin transaction[0m
  [1m[35mSQL (0.2ms)[0m  INSERT INTO "portfolios" ("name", "created_at", "updated_at") VALUES (?, ?, ?)  [["name", "cyan"], ["created_at", "2015-05-05 15:42:18.601334"], ["updated_at", "2015-05-05 15:42:18.601334"]]
  [1m[36m (0.6ms)[0m  [1mcommit transaction[0m
  [1m[35m (0.0ms)[0m  begin transaction
  [1m[36mSQL (0.2ms)[0m  [1mINSERT INTO "portfolios" ("name", "created_at", "updated_at") VALUES (?, ?, ?)[0m  [["name", "gold"], ["created_at", "2015-05-05 15:42:18.603532"], ["updated_at", "2015-05-05 15:42:18.603532"]]
  [1m[35m (0.8ms)[0m  commit transaction
  [1m[36mPortfolio Load (0.2ms)[0m  [1mSELECT "portfolios".* FROM "portfolios"[0m
  [1m[35m (0.1ms)[0m  begin transaction
  [1m[36mSQL (0.2ms)[0m  [1mINSERT INTO "stocks" ("portfolio_id", "stock_symbol", "created_at", "updated_at") VALUES (?, ?, ?, ?)[0m  [["portfolio_id", 10], ["stock_symbol", "k4ch"], ["created_at", "2015-05-05 15:42:18.615980"], ["updated_at", "2015-05-05 15:42:18.615980"]]
  [1m[35m (0.7ms)[0m  commit transaction
  [1m[36m (0.0ms)[0m  [1mbegin transaction[0m
  [1m[35mSQL (0.1ms)[0m  INSERT INTO "stocks" ("portfolio_id", "stock_symbol", "created_at", "updated_at") VALUES (?, ?, ?, ?)  [["portfolio_id", 2], ["stock_symbol", "q8qr"], ["created_at", "2015-05-05 15:42:18.618333"], ["updated_at", "2015-05-05 15:42:18.618333"]]
  [1m[36m (0.8ms)[0m  [1mcommit transaction[0m
  [1m[35m (0.0ms)[0m  begin transaction
  [1m[36mSQL (0.1ms)[0m  [1mINSERT INTO "stocks" ("portfolio_id", "stock_symbol", "created_at", "updated_at") VALUES (?, ?, ?, ?)[0m  [["portfolio_id", 2], ["stock_symbol", "pco4"], ["created_at", "2015-05-05 15:42:18.620288"], ["updated_at", "2015-05-05 15:42:18.620288"]]
  [1m[35m (0.7ms)[0m  commit transaction
  [1m[36m (0.0ms)[0m  [1mbegin transaction[0m
  [1m[35mSQL (0.1ms)[0m  INSERT INTO "stocks" ("portfolio_id", "stock_symbol", "created_at", "updated_at") VALUES (?, ?, ?, ?)  [["portfolio_id", 7], ["stock_symbol", "vqtp"], ["created_at", "2015-05-05 15:42:18.622211"], ["updated_at", "2015-05-05 15:42:18.622211"]]
  [1m[36m (0.7ms)[0m  [1mcommit transaction[0m
  [1m[35m (0.0ms)[0m  begin transaction
  [1m[36mSQL (0.1ms)[0m  [1mINSERT INTO "stocks" ("portfolio_id", "stock_symbol", "created_at", "updated_at") VALUES (?, ?, ?, ?)[0m  [["portfolio_id", 7], ["stock_symbol", "wwen"], ["created_at", "2015-05-05 15:42:18.624090"], ["updated_at", "2015-05-05 15:42:18.624090"]]
  [1m[35m (0.8ms)[0m  commit transaction
  [1m[36m (0.0ms)[0m  [1mbegin transaction[0m
  [1m[35mSQL (0.1ms)[0m  INSERT INTO "stocks" ("portfolio_id", "stock_symbol", "created_at", "updated_at") VALUES (?, ?, ?, ?)  [["portfolio_id", 1], ["stock_symbol", "za5o"], ["created_at", "2015-05-05 15:42:18.626027"], ["updated_at", "2015-05-05 15:42:18.626027"]]
  [1m[36m (0.6ms)[0m  [1mcommit transaction[0m
  [1m[35m (0.0ms)[0m  begin transaction
  [1m[36mSQL (0.2ms)[0m  [1mINSERT INTO "stocks" ("portfolio_id", "stock_symbol", "created_at", "updated_at") VALUES (?, ?, ?, ?)[0m  [["portfolio_id", 5], ["stock_symbol", "jjl3"], ["created_at", "2015-05-05 15:42:18.627931"], ["updated_at", "2015-05-05 15:42:18.627931"]]
  [1m[35m (0.8ms)[0m  commit transaction
  [1m[36m (0.0ms)[0m  [1mbegin transaction[0m
  [1m[35mSQL (0.2ms)[0m  INSERT INTO "stocks" ("portfolio_id", "stock_symbol", "created_at", "updated_at") VALUES (?, ?, ?, ?)  [["portfolio_id", 7], ["stock_symbol", "m1uz"], ["created_at", "2015-05-05 15:42:18.630043"], ["updated_at", "2015-05-05 15:42:18.630043"]]
  [1m[36m (0.8ms)[0m  [1mcommit transaction[0m
  [1m[35m (0.0ms)[0m  begin transaction
  [1m[36mSQL (0.2ms)[0m  [1mINSERT INTO "stocks" ("portfolio_id", "stock_symbol", "created_at", "updated_at") VALUES (?, ?, ?, ?)[0m  [["portfolio_id", 3], ["stock_symbol", "o58n"], ["created_at", "2015-05-05 15:42:18.632255"], ["updated_at", "2015-05-05 15:42:18.632255"]]
  [1m[35m (0.7ms)[0m  commit transaction
  [1m[36m (0.0ms)[0m  [1mbegin transaction[0m
  [1m[35mSQL (0.1ms)[0m  INSERT INTO "stocks" ("portfolio_id", "stock_symbol", "created_at", "updated_at") VALUES (?, ?, ?, ?)  [["portfolio_id", 2], ["stock_symbol", "lg6s"], ["created_at", "2015-05-05 15:42:18.634204"], ["updated_at", "2015-05-05 15:42:18.634204"]]
  [1m[36m (0.7ms)[0m  [1mcommit transaction[0m
  [1m[35m (0.1ms)[0m  SELECT COUNT(*) FROM "portfolios"
  [1m[36m (0.1ms)[0m  [1mSELECT COUNT(*) FROM "stocks"[0m
  [1m[36mActiveRecord::SchemaMigration Load (0.1ms)[0m  [1mSELECT "schema_migrations".* FROM "schema_migrations"[0m
  [1m[35m (0.1ms)[0m  begin transaction
  [1m[36mSQL (0.3ms)[0m  [1mINSERT INTO "portfolios" ("name", "created_at", "updated_at") VALUES (?, ?, ?)[0m  [["name", "silver"], ["created_at", "2015-05-05 15:42:38.341655"], ["updated_at", "2015-05-05 15:42:38.341655"]]
  [1m[35m (1.7ms)[0m  commit transaction
  [1m[36m (0.1ms)[0m  [1mbegin transaction[0m
  [1m[35mSQL (0.3ms)[0m  INSERT INTO "portfolios" ("name", "created_at", "updated_at") VALUES (?, ?, ?)  [["name", "blue"], ["created_at", "2015-05-05 15:42:38.346924"], ["updated_at", "2015-05-05 15:42:38.346924"]]
  [1m[36m (0.9ms)[0m  [1mcommit transaction[0m
  [1m[35m (0.0ms)[0m  begin transaction
  [1m[36mSQL (0.2ms)[0m  [1mINSERT INTO "portfolios" ("name", "created_at", "updated_at") VALUES (?, ?, ?)[0m  [["name", "olive"], ["created_at", "2015-05-05 15:42:38.349924"], ["updated_at", "2015-05-05 15:42:38.349924"]]
  [1m[35m (0.9ms)[0m  commit transaction
  [1m[36m (0.0ms)[0m  [1mbegin transaction[0m
  [1m[35mSQL (0.2ms)[0m  INSERT INTO "portfolios" ("name", "created_at", "updated_at") VALUES (?, ?, ?)  [["name", "fuchsia"], ["created_at", "2015-05-05 15:42:38.352456"], ["updated_at", "2015-05-05 15:42:38.352456"]]
  [1m[36m (0.7ms)[0m  [1mcommit transaction[0m
  [1m[35m (0.0ms)[0m  begin transaction
  [1m[36mSQL (0.2ms)[0m  [1mINSERT INTO "portfolios" ("name", "created_at", "updated_at") VALUES (?, ?, ?)[0m  [["name", "sky blue"], ["created_at", "2015-05-05 15:42:38.354756"], ["updated_at", "2015-05-05 15:42:38.354756"]]
  [1m[35m (0.8ms)[0m  commit transaction
  [1m[36mPortfolio Load (0.2ms)[0m  [1mSELECT "portfolios".* FROM "portfolios"[0m
  [1m[35m (0.1ms)[0m  begin transaction
  [1m[36mSQL (0.2ms)[0m  [1mINSERT INTO "stocks" ("portfolio_id", "stock_symbol", "created_at", "updated_at") VALUES (?, ?, ?, ?)[0m  [["portfolio_id", 14], ["stock_symbol", "64xn"], ["created_at", "2015-05-05 15:42:38.366232"], ["updated_at", "2015-05-05 15:42:38.366232"]]
  [1m[35m (0.8ms)[0m  commit transaction
  [1m[36m (0.0ms)[0m  [1mbegin transaction[0m
  [1m[35mSQL (0.1ms)[0m  INSERT INTO "stocks" ("portfolio_id", "stock_symbol", "created_at", "updated_at") VALUES (?, ?, ?, ?)  [["portfolio_id", 16], ["stock_symbol", "hioy"], ["created_at", "2015-05-05 15:42:38.368698"], ["updated_at", "2015-05-05 15:42:38.368698"]]
  [1m[36m (0.7ms)[0m  [1mcommit transaction[0m
  [1m[35m (0.0ms)[0m  begin transaction
  [1m[36mSQL (0.1ms)[0m  [1mINSERT INTO "stocks" ("portfolio_id", "stock_symbol", "created_at", "updated_at") VALUES (?, ?, ?, ?)[0m  [["portfolio_id", 17], ["stock_symbol", "6g8t"], ["created_at", "2015-05-05 15:42:38.370632"], ["updated_at", "2015-05-05 15:42:38.370632"]]
  [1m[35m (0.7ms)[0m  commit transaction
  [1m[36m (0.0ms)[0m  [1mbegin transaction[0m
  [1m[35mSQL (0.1ms)[0m  INSERT INTO "stocks" ("portfolio_id", "stock_symbol", "created_at", "updated_at") VALUES (?, ?, ?, ?)  [["portfolio_id", 2], ["stock_symbol", "zcv9"], ["created_at", "2015-05-05 15:42:38.372572"], ["updated_at", "2015-05-05 15:42:38.372572"]]
  [1m[36m (0.8ms)[0m  [1mcommit transaction[0m
  [1m[35m (0.0ms)[0m  begin transaction
  [1m[36mSQL (0.1ms)[0m  [1mINSERT INTO "stocks" ("portfolio_id", "stock_symbol", "created_at", "updated_at") VALUES (?, ?, ?, ?)[0m  [["portfolio_id", 9], ["stock_symbol", "1wnh"], ["created_at", "2015-05-05 15:42:38.374525"], ["updated_at", "2015-05-05 15:42:38.374525"]]
  [1m[35m (0.8ms)[0m  commit transaction
  [1m[36m (0.0ms)[0m  [1mbegin transaction[0m
  [1m[35mSQL (0.2ms)[0m  INSERT INTO "stocks" ("portfolio_id", "stock_symbol", "created_at", "updated_at") VALUES (?, ?, ?, ?)  [["portfolio_id", 15], ["stock_symbol", "8q5e"], ["created_at", "2015-05-05 15:42:38.376484"], ["updated_at", "2015-05-05 15:42:38.376484"]]
  [1m[36m (0.7ms)[0m  [1mcommit transaction[0m
  [1m[35m (0.1ms)[0m  begin transaction
  [1m[36mSQL (0.2ms)[0m  [1mINSERT INTO "stocks" ("portfolio_id", "stock_symbol", "created_at", "updated_at") VALUES (?, ?, ?, ?)[0m  [["portfolio_id", 12], ["stock_symbol", "2yoc"], ["created_at", "2015-05-05 15:42:38.378782"], ["updated_at", "2015-05-05 15:42:38.378782"]]
  [1m[35m (0.9ms)[0m  commit transaction
  [1m[36m (0.0ms)[0m  [1mbegin transaction[0m
  [1m[35mSQL (0.2ms)[0m  INSERT INTO "stocks" ("portfolio_id", "stock_symbol", "created_at", "updated_at") VALUES (?, ?, ?, ?)  [["portfolio_id", 7], ["stock_symbol", "np6s"], ["created_at", "2015-05-05 15:42:38.381548"], ["updated_at", "2015-05-05 15:42:38.381548"]]
  [1m[36m (0.8ms)[0m  [1mcommit transaction[0m
  [1m[35m (0.0ms)[0m  begin transaction
  [1m[36mSQL (0.2ms)[0m  [1mINSERT INTO "stocks" ("portfolio_id", "stock_symbol", "created_at", "updated_at") VALUES (?, ?, ?, ?)[0m  [["portfolio_id", 4], ["stock_symbol", "3ca8"], ["created_at", "2015-05-05 15:42:38.384019"], ["updated_at", "2015-05-05 15:42:38.384019"]]
  [1m[35m (0.8ms)[0m  commit transaction
  [1m[36m (0.0ms)[0m  [1mbegin transaction[0m
  [1m[35mSQL (0.2ms)[0m  INSERT INTO "stocks" ("portfolio_id", "stock_symbol", "created_at", "updated_at") VALUES (?, ?, ?, ?)  [["portfolio_id", 14], ["stock_symbol", "6z0g"], ["created_at", "2015-05-05 15:42:38.386325"], ["updated_at", "2015-05-05 15:42:38.386325"]]
  [1m[36m (0.8ms)[0m  [1mcommit transaction[0m
  [1m[35m (0.1ms)[0m  SELECT COUNT(*) FROM "portfolios"
  [1m[36m (0.1ms)[0m  [1mSELECT COUNT(*) FROM "stocks"[0m
  [1m[36m (1.1ms)[0m  [1mCREATE TABLE "portfolios" ("id" INTEGER PRIMARY KEY AUTOINCREMENT NOT NULL, "name" varchar, "user_id" integer, "created_at" datetime NOT NULL, "updated_at" datetime NOT NULL, "stock_id" integer) [0m
  [1m[35m (0.1ms)[0m  select sqlite_version(*)
  [1m[36m (1.0ms)[0m  [1mCREATE  INDEX "index_portfolios_on_stock_id" ON "portfolios" ("stock_id")[0m
  [1m[35m (0.1ms)[0m              SELECT sql
            FROM sqlite_master
            WHERE name='index_portfolios_on_stock_id' AND type='index'
            UNION ALL
            SELECT sql
            FROM sqlite_temp_master
            WHERE name='index_portfolios_on_stock_id' AND type='index'

  [1m[36m (0.8ms)[0m  [1mCREATE  INDEX "index_portfolios_on_user_id" ON "portfolios" ("user_id")[0m
  [1m[35m (0.8ms)[0m  CREATE TABLE "stocks" ("id" INTEGER PRIMARY KEY AUTOINCREMENT NOT NULL, "stock_symbol" varchar, "portfolio_id" integer, "created_at" datetime NOT NULL, "updated_at" datetime NOT NULL) 
  [1m[36m (0.8ms)[0m  [1mCREATE  INDEX "index_stocks_on_portfolio_id" ON "stocks" ("portfolio_id")[0m
  [1m[35m (0.9ms)[0m  CREATE TABLE "schema_migrations" ("version" varchar NOT NULL) 
  [1m[36m (0.9ms)[0m  [1mCREATE UNIQUE INDEX "unique_schema_migrations" ON "schema_migrations" ("version")[0m
  [1m[35m (0.1ms)[0m  SELECT version FROM "schema_migrations"
  [1m[36m (0.8ms)[0m  [1mINSERT INTO "schema_migrations" (version) VALUES ('20150505145331')[0m
  [1m[35m (0.8ms)[0m  INSERT INTO "schema_migrations" (version) VALUES ('20150505142853')
  [1m[36m (0.8ms)[0m  [1mINSERT INTO "schema_migrations" (version) VALUES ('20150505143047')[0m
  [1m[35m (0.8ms)[0m  CREATE TABLE "portfolios" ("id" INTEGER PRIMARY KEY AUTOINCREMENT NOT NULL, "name" varchar, "user_id" integer, "created_at" datetime NOT NULL, "updated_at" datetime NOT NULL, "stock_id" integer) 
  [1m[36m (0.0ms)[0m  [1mselect sqlite_version(*)[0m
  [1m[35m (0.7ms)[0m  CREATE  INDEX "index_portfolios_on_stock_id" ON "portfolios" ("stock_id")
  [1m[36m (0.1ms)[0m  [1m            SELECT sql
            FROM sqlite_master
            WHERE name='index_portfolios_on_stock_id' AND type='index'
            UNION ALL
            SELECT sql
            FROM sqlite_temp_master
            WHERE name='index_portfolios_on_stock_id' AND type='index'
[0m
  [1m[35m (0.7ms)[0m  CREATE  INDEX "index_portfolios_on_user_id" ON "portfolios" ("user_id")
  [1m[36m (0.8ms)[0m  [1mCREATE TABLE "stocks" ("id" INTEGER PRIMARY KEY AUTOINCREMENT NOT NULL, "stock_symbol" varchar, "portfolio_id" integer, "created_at" datetime NOT NULL, "updated_at" datetime NOT NULL) [0m
  [1m[35m (0.7ms)[0m  CREATE  INDEX "index_stocks_on_portfolio_id" ON "stocks" ("portfolio_id")
  [1m[36m (0.7ms)[0m  [1mCREATE TABLE "schema_migrations" ("version" varchar NOT NULL) [0m
  [1m[35m (0.8ms)[0m  CREATE UNIQUE INDEX "unique_schema_migrations" ON "schema_migrations" ("version")
  [1m[36m (0.1ms)[0m  [1mSELECT version FROM "schema_migrations"[0m
  [1m[35m (0.7ms)[0m  INSERT INTO "schema_migrations" (version) VALUES ('20150505145331')
  [1m[36m (0.7ms)[0m  [1mINSERT INTO "schema_migrations" (version) VALUES ('20150505142853')[0m
  [1m[35m (0.7ms)[0m  INSERT INTO "schema_migrations" (version) VALUES ('20150505143047')
  [1m[36mActiveRecord::SchemaMigration Load (0.1ms)[0m  [1mSELECT "schema_migrations".* FROM "schema_migrations"[0m
  [1m[35m (0.1ms)[0m  begin transaction
  [1m[36mSQL (0.3ms)[0m  [1mINSERT INTO "portfolios" ("name", "created_at", "updated_at") VALUES (?, ?, ?)[0m  [["name", "cyan"], ["created_at", "2015-05-05 15:42:47.270221"], ["updated_at", "2015-05-05 15:42:47.270221"]]
  [1m[35m (1.3ms)[0m  commit transaction
  [1m[36m (0.1ms)[0m  [1mbegin transaction[0m
  [1m[35mSQL (0.3ms)[0m  INSERT INTO "portfolios" ("name", "created_at", "updated_at") VALUES (?, ?, ?)  [["name", "ivory"], ["created_at", "2015-05-05 15:42:47.275106"], ["updated_at", "2015-05-05 15:42:47.275106"]]
  [1m[36m (0.9ms)[0m  [1mcommit transaction[0m
  [1m[35m (0.1ms)[0m  begin transaction
  [1m[36mSQL (0.5ms)[0m  [1mINSERT INTO "portfolios" ("name", "created_at", "updated_at") VALUES (?, ?, ?)[0m  [["name", "teal"], ["created_at", "2015-05-05 15:42:47.278456"], ["updated_at", "2015-05-05 15:42:47.278456"]]
  [1m[35m (1.1ms)[0m  commit transaction
  [1m[36m (0.0ms)[0m  [1mbegin transaction[0m
  [1m[35mSQL (0.2ms)[0m  INSERT INTO "portfolios" ("name", "created_at", "updated_at") VALUES (?, ?, ?)  [["name", "silver"], ["created_at", "2015-05-05 15:42:47.282070"], ["updated_at", "2015-05-05 15:42:47.282070"]]
  [1m[36m (0.7ms)[0m  [1mcommit transaction[0m
  [1m[35m (0.0ms)[0m  begin transaction
  [1m[36mSQL (0.2ms)[0m  [1mINSERT INTO "portfolios" ("name", "created_at", "updated_at") VALUES (?, ?, ?)[0m  [["name", "indigo"], ["created_at", "2015-05-05 15:42:47.284236"], ["updated_at", "2015-05-05 15:42:47.284236"]]
  [1m[35m (0.7ms)[0m  commit transaction
  [1m[36mPortfolio Load (0.1ms)[0m  [1mSELECT "portfolios".* FROM "portfolios"[0m
  [1m[35m (0.1ms)[0m  begin transaction
  [1m[36mSQL (0.2ms)[0m  [1mINSERT INTO "stocks" ("portfolio_id", "stock_symbol", "created_at", "updated_at") VALUES (?, ?, ?, ?)[0m  [["portfolio_id", 2], ["stock_symbol", "hce3"], ["created_at", "2015-05-05 15:42:47.294920"], ["updated_at", "2015-05-05 15:42:47.294920"]]
  [1m[35m (0.8ms)[0m  commit transaction
  [1m[36m (0.1ms)[0m  [1mbegin transaction[0m
  [1m[35mSQL (0.2ms)[0m  INSERT INTO "stocks" ("portfolio_id", "stock_symbol", "created_at", "updated_at") VALUES (?, ?, ?, ?)  [["portfolio_id", 2], ["stock_symbol", "fw7l"], ["created_at", "2015-05-05 15:42:47.297664"], ["updated_at", "2015-05-05 15:42:47.297664"]]
  [1m[36m (0.7ms)[0m  [1mcommit transaction[0m
  [1m[35m (0.1ms)[0m  begin transaction
  [1m[36mSQL (0.2ms)[0m  [1mINSERT INTO "stocks" ("portfolio_id", "stock_symbol", "created_at", "updated_at") VALUES (?, ?, ?, ?)[0m  [["portfolio_id", 5], ["stock_symbol", "hd8r"], ["created_at", "2015-05-05 15:42:47.339933"], ["updated_at", "2015-05-05 15:42:47.339933"]]
  [1m[35m (0.8ms)[0m  commit transaction
  [1m[36m (0.0ms)[0m  [1mbegin transaction[0m
  [1m[35mSQL (0.1ms)[0m  INSERT INTO "stocks" ("portfolio_id", "stock_symbol", "created_at", "updated_at") VALUES (?, ?, ?, ?)  [["portfolio_id", 1], ["stock_symbol", "qudl"], ["created_at", "2015-05-05 15:42:47.342424"], ["updated_at", "2015-05-05 15:42:47.342424"]]
  [1m[36m (0.7ms)[0m  [1mcommit transaction[0m
  [1m[35m (0.0ms)[0m  begin transaction
  [1m[36mSQL (0.1ms)[0m  [1mINSERT INTO "stocks" ("portfolio_id", "stock_symbol", "created_at", "updated_at") VALUES (?, ?, ?, ?)[0m  [["portfolio_id", 2], ["stock_symbol", "62zl"], ["created_at", "2015-05-05 15:42:47.344327"], ["updated_at", "2015-05-05 15:42:47.344327"]]
  [1m[35m (0.8ms)[0m  commit transaction
  [1m[36m (0.0ms)[0m  [1mbegin transaction[0m
  [1m[35mSQL (0.1ms)[0m  INSERT INTO "stocks" ("portfolio_id", "stock_symbol", "created_at", "updated_at") VALUES (?, ?, ?, ?)  [["portfolio_id", 4], ["stock_symbol", "j0pm"], ["created_at", "2015-05-05 15:42:47.346297"], ["updated_at", "2015-05-05 15:42:47.346297"]]
  [1m[36m (0.8ms)[0m  [1mcommit transaction[0m
  [1m[35m (0.0ms)[0m  begin transaction
  [1m[36mSQL (0.1ms)[0m  [1mINSERT INTO "stocks" ("portfolio_id", "stock_symbol", "created_at", "updated_at") VALUES (?, ?, ?, ?)[0m  [["portfolio_id", 1], ["stock_symbol", "mbjj"], ["created_at", "2015-05-05 15:42:47.348285"], ["updated_at", "2015-05-05 15:42:47.348285"]]
  [1m[35m (0.8ms)[0m  commit transaction
  [1m[36m (0.0ms)[0m  [1mbegin transaction[0m
  [1m[35mSQL (0.1ms)[0m  INSERT INTO "stocks" ("portfolio_id", "stock_symbol", "created_at", "updated_at") VALUES (?, ?, ?, ?)  [["portfolio_id", 4], ["stock_symbol", "w6yj"], ["created_at", "2015-05-05 15:42:47.350292"], ["updated_at", "2015-05-05 15:42:47.350292"]]
  [1m[36m (0.6ms)[0m  [1mcommit transaction[0m
  [1m[35m (0.0ms)[0m  begin transaction
  [1m[36mSQL (0.2ms)[0m  [1mINSERT INTO "stocks" ("portfolio_id", "stock_symbol", "created_at", "updated_at") VALUES (?, ?, ?, ?)[0m  [["portfolio_id", 4], ["stock_symbol", "5apr"], ["created_at", "2015-05-05 15:42:47.352116"], ["updated_at", "2015-05-05 15:42:47.352116"]]
  [1m[35m (0.8ms)[0m  commit transaction
  [1m[36m (0.0ms)[0m  [1mbegin transaction[0m
  [1m[35mSQL (0.1ms)[0m  INSERT INTO "stocks" ("portfolio_id", "stock_symbol", "created_at", "updated_at") VALUES (?, ?, ?, ?)  [["portfolio_id", 3], ["stock_symbol", "uy3o"], ["created_at", "2015-05-05 15:42:47.354093"], ["updated_at", "2015-05-05 15:42:47.354093"]]
  [1m[36m (0.8ms)[0m  [1mcommit transaction[0m
  [1m[35m (0.1ms)[0m  SELECT COUNT(*) FROM "portfolios"
  [1m[36m (0.1ms)[0m  [1mSELECT COUNT(*) FROM "stocks"[0m
  [1m[36m (1.6ms)[0m  [1mCREATE TABLE "portfolios" ("id" INTEGER PRIMARY KEY AUTOINCREMENT NOT NULL, "name" varchar, "user_id" integer, "created_at" datetime NOT NULL, "updated_at" datetime NOT NULL, "stock_id" integer) [0m
  [1m[35m (0.1ms)[0m  select sqlite_version(*)
  [1m[36m (1.3ms)[0m  [1mCREATE  INDEX "index_portfolios_on_stock_id" ON "portfolios" ("stock_id")[0m
  [1m[35m (0.2ms)[0m              SELECT sql
            FROM sqlite_master
            WHERE name='index_portfolios_on_stock_id' AND type='index'
            UNION ALL
            SELECT sql
            FROM sqlite_temp_master
            WHERE name='index_portfolios_on_stock_id' AND type='index'

  [1m[36m (1.1ms)[0m  [1mCREATE  INDEX "index_portfolios_on_user_id" ON "portfolios" ("user_id")[0m
  [1m[35m (1.1ms)[0m  CREATE TABLE "stocks" ("id" INTEGER PRIMARY KEY AUTOINCREMENT NOT NULL, "stock_symbol" varchar, "portfolio_id" integer, "created_at" datetime NOT NULL, "updated_at" datetime NOT NULL) 
  [1m[36m (1.0ms)[0m  [1mCREATE  INDEX "index_stocks_on_portfolio_id" ON "stocks" ("portfolio_id")[0m
  [1m[35m (1.0ms)[0m  CREATE TABLE "schema_migrations" ("version" varchar NOT NULL) 
  [1m[36m (0.8ms)[0m  [1mCREATE UNIQUE INDEX "unique_schema_migrations" ON "schema_migrations" ("version")[0m
  [1m[35m (0.1ms)[0m  SELECT version FROM "schema_migrations"
  [1m[36m (0.8ms)[0m  [1mINSERT INTO "schema_migrations" (version) VALUES ('20150505145331')[0m
  [1m[35m (0.8ms)[0m  INSERT INTO "schema_migrations" (version) VALUES ('20150505142853')
  [1m[36m (0.9ms)[0m  [1mINSERT INTO "schema_migrations" (version) VALUES ('20150505143047')[0m
  [1m[35m (0.7ms)[0m  CREATE TABLE "portfolios" ("id" INTEGER PRIMARY KEY AUTOINCREMENT NOT NULL, "name" varchar, "user_id" integer, "created_at" datetime NOT NULL, "updated_at" datetime NOT NULL, "stock_id" integer) 
  [1m[36m (0.1ms)[0m  [1mselect sqlite_version(*)[0m
  [1m[35m (0.9ms)[0m  CREATE  INDEX "index_portfolios_on_stock_id" ON "portfolios" ("stock_id")
  [1m[36m (0.1ms)[0m  [1m            SELECT sql
            FROM sqlite_master
            WHERE name='index_portfolios_on_stock_id' AND type='index'
            UNION ALL
            SELECT sql
            FROM sqlite_temp_master
            WHERE name='index_portfolios_on_stock_id' AND type='index'
[0m
  [1m[35m (0.9ms)[0m  CREATE  INDEX "index_portfolios_on_user_id" ON "portfolios" ("user_id")
  [1m[36m (0.9ms)[0m  [1mCREATE TABLE "stocks" ("id" INTEGER PRIMARY KEY AUTOINCREMENT NOT NULL, "stock_symbol" varchar, "portfolio_id" integer, "created_at" datetime NOT NULL, "updated_at" datetime NOT NULL) [0m
  [1m[35m (0.8ms)[0m  CREATE  INDEX "index_stocks_on_portfolio_id" ON "stocks" ("portfolio_id")
  [1m[36m (0.8ms)[0m  [1mCREATE TABLE "schema_migrations" ("version" varchar NOT NULL) [0m
  [1m[35m (0.8ms)[0m  CREATE UNIQUE INDEX "unique_schema_migrations" ON "schema_migrations" ("version")
  [1m[36m (0.1ms)[0m  [1mSELECT version FROM "schema_migrations"[0m
  [1m[35m (0.7ms)[0m  INSERT INTO "schema_migrations" (version) VALUES ('20150505145331')
  [1m[36m (0.8ms)[0m  [1mINSERT INTO "schema_migrations" (version) VALUES ('20150505142853')[0m
  [1m[35m (0.7ms)[0m  INSERT INTO "schema_migrations" (version) VALUES ('20150505143047')
  [1m[36mActiveRecord::SchemaMigration Load (0.1ms)[0m  [1mSELECT "schema_migrations".* FROM "schema_migrations"[0m
  [1m[35m (0.0ms)[0m  begin transaction
  [1m[36mSQL (0.3ms)[0m  [1mINSERT INTO "portfolios" ("name", "created_at", "updated_at") VALUES (?, ?, ?)[0m  [["name", "red"], ["created_at", "2015-05-05 15:42:53.138274"], ["updated_at", "2015-05-05 15:42:53.138274"]]
  [1m[35m (1.5ms)[0m  commit transaction
  [1m[36m (0.1ms)[0m  [1mbegin transaction[0m
  [1m[35mSQL (0.2ms)[0m  INSERT INTO "portfolios" ("name", "created_at", "updated_at") VALUES (?, ?, ?)  [["name", "tan"], ["created_at", "2015-05-05 15:42:53.143097"], ["updated_at", "2015-05-05 15:42:53.143097"]]
  [1m[36m (0.6ms)[0m  [1mcommit transaction[0m
  [1m[35m (0.0ms)[0m  begin transaction
  [1m[36mSQL (0.2ms)[0m  [1mINSERT INTO "portfolios" ("name", "created_at", "updated_at") VALUES (?, ?, ?)[0m  [["name", "silver"], ["created_at", "2015-05-05 15:42:53.145434"], ["updated_at", "2015-05-05 15:42:53.145434"]]
  [1m[35m (0.6ms)[0m  commit transaction
  [1m[36m (0.0ms)[0m  [1mbegin transaction[0m
  [1m[35mSQL (0.1ms)[0m  INSERT INTO "portfolios" ("name", "created_at", "updated_at") VALUES (?, ?, ?)  [["name", "black"], ["created_at", "2015-05-05 15:42:53.147182"], ["updated_at", "2015-05-05 15:42:53.147182"]]
  [1m[36m (0.7ms)[0m  [1mcommit transaction[0m
  [1m[35m (0.0ms)[0m  begin transaction
  [1m[36mSQL (0.1ms)[0m  [1mINSERT INTO "portfolios" ("name", "created_at", "updated_at") VALUES (?, ?, ?)[0m  [["name", "white"], ["created_at", "2015-05-05 15:42:53.148933"], ["updated_at", "2015-05-05 15:42:53.148933"]]
  [1m[35m (0.6ms)[0m  commit transaction
  [1m[36mPortfolio Load (0.2ms)[0m  [1mSELECT "portfolios".* FROM "portfolios"[0m
  [1m[35m (0.0ms)[0m  begin transaction
  [1m[36mSQL (0.2ms)[0m  [1mINSERT INTO "stocks" ("portfolio_id", "stock_symbol", "created_at", "updated_at") VALUES (?, ?, ?, ?)[0m  [["portfolio_id", 5], ["stock_symbol", "9so1"], ["created_at", "2015-05-05 15:42:53.159247"], ["updated_at", "2015-05-05 15:42:53.159247"]]
  [1m[35m (1.0ms)[0m  commit transaction
  [1m[36m (0.1ms)[0m  [1mbegin transaction[0m
  [1m[35mSQL (0.3ms)[0m  INSERT INTO "stocks" ("portfolio_id", "stock_symbol", "created_at", "updated_at") VALUES (?, ?, ?, ?)  [["portfolio_id", 5], ["stock_symbol", "61bk"], ["created_at", "2015-05-05 15:42:53.162363"], ["updated_at", "2015-05-05 15:42:53.162363"]]
  [1m[36m (0.9ms)[0m  [1mcommit transaction[0m
  [1m[35m (0.1ms)[0m  begin transaction
  [1m[36mSQL (0.2ms)[0m  [1mINSERT INTO "stocks" ("portfolio_id", "stock_symbol", "created_at", "updated_at") VALUES (?, ?, ?, ?)[0m  [["portfolio_id", 3], ["stock_symbol", "pwgq"], ["created_at", "2015-05-05 15:42:53.203753"], ["updated_at", "2015-05-05 15:42:53.203753"]]
  [1m[35m (0.8ms)[0m  commit transaction
  [1m[36m (0.0ms)[0m  [1mbegin transaction[0m
  [1m[35mSQL (0.1ms)[0m  INSERT INTO "stocks" ("portfolio_id", "stock_symbol", "created_at", "updated_at") VALUES (?, ?, ?, ?)  [["portfolio_id", 1], ["stock_symbol", "s6kp"], ["created_at", "2015-05-05 15:42:53.206268"], ["updated_at", "2015-05-05 15:42:53.206268"]]
  [1m[36m (0.7ms)[0m  [1mcommit transaction[0m
  [1m[35m (0.0ms)[0m  begin transaction
  [1m[36mSQL (0.1ms)[0m  [1mINSERT INTO "stocks" ("portfolio_id", "stock_symbol", "created_at", "updated_at") VALUES (?, ?, ?, ?)[0m  [["portfolio_id", 5], ["stock_symbol", "oio7"], ["created_at", "2015-05-05 15:42:53.208150"], ["updated_at", "2015-05-05 15:42:53.208150"]]
  [1m[35m (0.8ms)[0m  commit transaction
  [1m[36m (0.0ms)[0m  [1mbegin transaction[0m
  [1m[35mSQL (0.1ms)[0m  INSERT INTO "stocks" ("portfolio_id", "stock_symbol", "created_at", "updated_at") VALUES (?, ?, ?, ?)  [["portfolio_id", 1], ["stock_symbol", "xioc"], ["created_at", "2015-05-05 15:42:53.210076"], ["updated_at", "2015-05-05 15:42:53.210076"]]
  [1m[36m (0.8ms)[0m  [1mcommit transaction[0m
  [1m[35m (0.0ms)[0m  begin transaction
  [1m[36mSQL (0.1ms)[0m  [1mINSERT INTO "stocks" ("portfolio_id", "stock_symbol", "created_at", "updated_at") VALUES (?, ?, ?, ?)[0m  [["portfolio_id", 2], ["stock_symbol", "u98g"], ["created_at", "2015-05-05 15:42:53.212076"], ["updated_at", "2015-05-05 15:42:53.212076"]]
  [1m[35m (0.8ms)[0m  commit transaction
  [1m[36m (0.0ms)[0m  [1mbegin transaction[0m
  [1m[35mSQL (0.1ms)[0m  INSERT INTO "stocks" ("portfolio_id", "stock_symbol", "created_at", "updated_at") VALUES (?, ?, ?, ?)  [["portfolio_id", 1], ["stock_symbol", "xhg3"], ["created_at", "2015-05-05 15:42:53.214110"], ["updated_at", "2015-05-05 15:42:53.214110"]]
  [1m[36m (0.6ms)[0m  [1mcommit transaction[0m
  [1m[35m (0.0ms)[0m  begin transaction
  [1m[36mSQL (0.2ms)[0m  [1mINSERT INTO "stocks" ("portfolio_id", "stock_symbol", "created_at", "updated_at") VALUES (?, ?, ?, ?)[0m  [["portfolio_id", 4], ["stock_symbol", "fz45"], ["created_at", "2015-05-05 15:42:53.215934"], ["updated_at", "2015-05-05 15:42:53.215934"]]
  [1m[35m (0.7ms)[0m  commit transaction
  [1m[36m (0.0ms)[0m  [1mbegin transaction[0m
  [1m[35mSQL (0.1ms)[0m  INSERT INTO "stocks" ("portfolio_id", "stock_symbol", "created_at", "updated_at") VALUES (?, ?, ?, ?)  [["portfolio_id", 1], ["stock_symbol", "44n3"], ["created_at", "2015-05-05 15:42:53.217872"], ["updated_at", "2015-05-05 15:42:53.217872"]]
  [1m[36m (0.8ms)[0m  [1mcommit transaction[0m
  [1m[35m (0.1ms)[0m  SELECT COUNT(*) FROM "portfolios"
  [1m[36m (0.1ms)[0m  [1mSELECT COUNT(*) FROM "stocks"[0m
  [1m[36mPortfolio Load (0.3ms)[0m  [1mSELECT  "portfolios".* FROM "portfolios" WHERE "portfolios"."id" = ? LIMIT 1[0m  [["id", 3]]
  [1m[35m (0.1ms)[0m  SELECT COUNT(*) FROM "stocks" WHERE "stocks"."portfolio_id" = ?  [["portfolio_id", 3]]
  [1m[36mPortfolio Load (0.2ms)[0m  [1mSELECT  "portfolios".* FROM "portfolios" WHERE "portfolios"."id" = ? LIMIT 1[0m  [["id", 5]]
  [1m[35m (0.2ms)[0m  SELECT COUNT(*) FROM "stocks" WHERE "stocks"."portfolio_id" = ?  [["portfolio_id", 5]]


Started GET "/" for ::1 at 2015-05-05 11:07:23 -0500
  [1m[36mActiveRecord::SchemaMigration Load (0.1ms)[0m  [1mSELECT "schema_migrations".* FROM "schema_migrations"[0m
Processing by WelcomeController#index as HTML
  Rendered welcome/index.html.erb within layouts/application (1.2ms)
Completed 200 OK in 2869ms (Views: 2851.3ms | ActiveRecord: 0.0ms)


Started GET "/" for ::1 at 2015-05-05 11:07:26 -0500
Processing by WelcomeController#index as HTML
  Rendered welcome/index.html.erb within layouts/application (0.0ms)
Completed 200 OK in 50ms (Views: 49.4ms | ActiveRecord: 0.0ms)


Started GET "/assets/portfolios.self-e3b0c44298fc1c149afbf4c8996fb92427ae41e4649b934ca495991b7852b855.css?body=1" for ::1 at 2015-05-05 11:07:26 -0500


Started GET "/assets/stocks.self-e3b0c44298fc1c149afbf4c8996fb92427ae41e4649b934ca495991b7852b855.css?body=1" for ::1 at 2015-05-05 11:07:26 -0500


Started GET "/assets/portfolios.self-877aef30ae1b040ab8a3aba4e3e309a11d7f2612f44dde450b5c157aa5f95c05.js?body=1" for ::1 at 2015-05-05 11:07:26 -0500


Started GET "/assets/scaffolds.self-ca9053c907c02c3a58e3f7115f7da72f9a6c59d24e96728039bab449ed1812c5.css?body=1" for ::1 at 2015-05-05 11:07:26 -0500


Started GET "/assets/stocks.self-877aef30ae1b040ab8a3aba4e3e309a11d7f2612f44dde450b5c157aa5f95c05.js?body=1" for ::1 at 2015-05-05 11:07:26 -0500


Started GET "/welcome/index" for ::1 at 2015-05-05 11:07:28 -0500
Processing by WelcomeController#index as HTML
  Rendered welcome/index.html.erb within layouts/application (0.3ms)
Completed 200 OK in 104ms (Views: 103.1ms | ActiveRecord: 0.0ms)


Started GET "/welcome/about" for ::1 at 2015-05-05 11:07:30 -0500
Processing by WelcomeController#about as HTML
  Rendered welcome/about.html.erb within layouts/application (0.4ms)
Completed 200 OK in 68ms (Views: 67.8ms | ActiveRecord: 0.0ms)


Started GET "/welcome/index" for ::1 at 2015-05-05 11:07:30 -0500
Processing by WelcomeController#index as HTML
  Rendered welcome/index.html.erb within layouts/application (0.0ms)
Completed 200 OK in 43ms (Views: 42.7ms | ActiveRecord: 0.0ms)


Started GET "/welcome/index" for ::1 at 2015-05-05 11:12:17 -0500
  [1m[36mActiveRecord::SchemaMigration Load (0.1ms)[0m  [1mSELECT "schema_migrations".* FROM "schema_migrations"[0m
Processing by WelcomeController#index as HTML
  Rendered welcome/index.html.erb within layouts/application (1.1ms)
Completed 200 OK in 351ms (Views: 331.7ms | ActiveRecord: 0.0ms)


Started GET "/assets/portfolios.self-e3b0c44298fc1c149afbf4c8996fb92427ae41e4649b934ca495991b7852b855.css?body=1" for ::1 at 2015-05-05 11:12:17 -0500


Started GET "/assets/scaffolds.self-ca9053c907c02c3a58e3f7115f7da72f9a6c59d24e96728039bab449ed1812c5.css?body=1" for ::1 at 2015-05-05 11:12:17 -0500


Started GET "/assets/stocks.self-e3b0c44298fc1c149afbf4c8996fb92427ae41e4649b934ca495991b7852b855.css?body=1" for ::1 at 2015-05-05 11:12:17 -0500


Started GET "/assets/jquery.self-d03a5518f45df77341bdbe6201ba3bfa547ebba8ed64f0ea56bfa5f96ea7c074.js?body=1" for ::1 at 2015-05-05 11:12:17 -0500


Started GET "/assets/welcome.self-50ff86034043036baf488c765657a4f7c3412588f95dee05d4bfdd01e1a234c9.css?body=1" for ::1 at 2015-05-05 11:12:17 -0500


Started GET "/assets/application.self-ddb79650b67d48d255781bc5a01bde0b701ea027282b6525e057adb73ca0d71c.css?body=1" for ::1 at 2015-05-05 11:12:17 -0500


Started GET "/assets/jquery_ujs.self-8e98a7a072a6cee1372d19fff9ff3e6aa1e39a37d89d6f06861637d061113ee7.js?body=1" for ::1 at 2015-05-05 11:12:17 -0500


Started GET "/assets/turbolinks.self-c37727e9bd6b2735da5c311aa83fead54ed0be6cc8bd9a65309e9c5abe2cbfff.js?body=1" for ::1 at 2015-05-05 11:12:17 -0500


Started GET "/assets/bootstrap.self-2bbd2c0465f01b1f8270958ddfc2e62a08915f295a35d22df2971eb936cf3c64.js?body=1" for ::1 at 2015-05-05 11:12:17 -0500


Started GET "/assets/portfolios.self-877aef30ae1b040ab8a3aba4e3e309a11d7f2612f44dde450b5c157aa5f95c05.js?body=1" for ::1 at 2015-05-05 11:12:17 -0500


Started GET "/assets/stocks.self-877aef30ae1b040ab8a3aba4e3e309a11d7f2612f44dde450b5c157aa5f95c05.js?body=1" for ::1 at 2015-05-05 11:12:17 -0500


Started GET "/assets/welcome.self-877aef30ae1b040ab8a3aba4e3e309a11d7f2612f44dde450b5c157aa5f95c05.js?body=1" for ::1 at 2015-05-05 11:12:17 -0500


Started GET "/assets/application.self-f98a0dd27ad1c55b2b9cfe97296d4887e5d4a4535b3bbbf9130c1050771738b2.js?body=1" for ::1 at 2015-05-05 11:12:17 -0500


Started GET "/welcome/index" for ::1 at 2015-05-05 11:12:19 -0500
Processing by WelcomeController#index as HTML
  Rendered welcome/index.html.erb within layouts/application (0.3ms)
Completed 200 OK in 62ms (Views: 61.7ms | ActiveRecord: 0.0ms)


Started GET "/welcome/about" for ::1 at 2015-05-05 11:12:19 -0500
Processing by WelcomeController#about as HTML
  Rendered welcome/about.html.erb within layouts/application (0.3ms)
Completed 200 OK in 100ms (Views: 99.3ms | ActiveRecord: 0.0ms)


Started GET "/welcome/index" for ::1 at 2015-05-05 11:12:20 -0500
Processing by WelcomeController#index as HTML
  Rendered welcome/index.html.erb within layouts/application (0.0ms)
Completed 200 OK in 50ms (Views: 49.6ms | ActiveRecord: 0.0ms)


Started GET "/welcome/about" for ::1 at 2015-05-05 11:12:23 -0500
Processing by WelcomeController#about as HTML
  Rendered welcome/about.html.erb within layouts/application (0.0ms)
Completed 200 OK in 50ms (Views: 49.1ms | ActiveRecord: 0.0ms)


Started GET "/welcome/about" for ::1 at 2015-05-05 11:12:33 -0500
Processing by WelcomeController#about as HTML
  Rendered welcome/about.html.erb within layouts/application (0.4ms)
Completed 200 OK in 2581ms (Views: 2580.1ms | ActiveRecord: 0.0ms)


Started GET "/assets/portfolios.self-e3b0c44298fc1c149afbf4c8996fb92427ae41e4649b934ca495991b7852b855.css?body=1" for ::1 at 2015-05-05 11:12:35 -0500


Started GET "/assets/welcome.self-50ff86034043036baf488c765657a4f7c3412588f95dee05d4bfdd01e1a234c9.css?body=1" for ::1 at 2015-05-05 11:12:35 -0500


Started GET "/assets/scaffolds.self-e3b0c44298fc1c149afbf4c8996fb92427ae41e4649b934ca495991b7852b855.css?body=1" for ::1 at 2015-05-05 11:12:35 -0500


Started GET "/assets/stocks.self-e3b0c44298fc1c149afbf4c8996fb92427ae41e4649b934ca495991b7852b855.css?body=1" for ::1 at 2015-05-05 11:12:35 -0500


Started GET "/assets/jquery.self-d03a5518f45df77341bdbe6201ba3bfa547ebba8ed64f0ea56bfa5f96ea7c074.js?body=1" for ::1 at 2015-05-05 11:12:35 -0500


Started GET "/assets/application.self-ddb79650b67d48d255781bc5a01bde0b701ea027282b6525e057adb73ca0d71c.css?body=1" for ::1 at 2015-05-05 11:12:35 -0500


Started GET "/assets/jquery_ujs.self-8e98a7a072a6cee1372d19fff9ff3e6aa1e39a37d89d6f06861637d061113ee7.js?body=1" for ::1 at 2015-05-05 11:12:35 -0500


Started GET "/assets/turbolinks.self-c37727e9bd6b2735da5c311aa83fead54ed0be6cc8bd9a65309e9c5abe2cbfff.js?body=1" for ::1 at 2015-05-05 11:12:35 -0500


Started GET "/assets/bootstrap.self-2bbd2c0465f01b1f8270958ddfc2e62a08915f295a35d22df2971eb936cf3c64.js?body=1" for ::1 at 2015-05-05 11:12:35 -0500


Started GET "/assets/portfolios.self-877aef30ae1b040ab8a3aba4e3e309a11d7f2612f44dde450b5c157aa5f95c05.js?body=1" for ::1 at 2015-05-05 11:12:35 -0500


Started GET "/assets/stocks.self-877aef30ae1b040ab8a3aba4e3e309a11d7f2612f44dde450b5c157aa5f95c05.js?body=1" for ::1 at 2015-05-05 11:12:35 -0500


Started GET "/assets/welcome.self-877aef30ae1b040ab8a3aba4e3e309a11d7f2612f44dde450b5c157aa5f95c05.js?body=1" for ::1 at 2015-05-05 11:12:35 -0500


Started GET "/assets/application.self-f98a0dd27ad1c55b2b9cfe97296d4887e5d4a4535b3bbbf9130c1050771738b2.js?body=1" for ::1 at 2015-05-05 11:12:35 -0500


Started GET "/welcome/index" for ::1 at 2015-05-05 11:12:36 -0500
Processing by WelcomeController#index as HTML
  Rendered welcome/index.html.erb within layouts/application (0.1ms)
Completed 200 OK in 100ms (Views: 99.3ms | ActiveRecord: 0.0ms)


Started GET "/welcome/about" for ::1 at 2015-05-05 11:12:37 -0500
Processing by WelcomeController#about as HTML
  Rendered welcome/about.html.erb within layouts/application (0.0ms)
Completed 200 OK in 48ms (Views: 47.6ms | ActiveRecord: 0.0ms)
